This is pdfTeX, Version 3.14159265-2.6-1.40.20 (TeX Live 2019) (preloaded format=pdflatex 2019.6.8)  22 JUN 2019 18:07
entering extended mode
 restricted \write18 enabled.
 %&-line parsing enabled.
**moderncvheadi.sty
(./moderncvheadi.sty
LaTeX2e <2018-12-01>

LaTeX Warning: You have requested package `',
               but the package provides `moderncvheadi'.

Package: moderncvheadi 2015/07/28 v2.0.0 modern curriculum vitae and letter hea
der variant: 1
! You can't use `\spacefactor' in vertical mode.
\@->\spacefactor 
                 \@m {}
l.16 \@
       initializeif{\if@details}\@detailsfalse
Sorry, but I'm not programmed to handle this case;
I'll just pretend that you didn't ask for it.
If you're in the wrong mode, you might be able to
return to the right one by typing `I}' or `I$' or `I\par'.

! Missing $ inserted.
<inserted text> 
                $
l.16 \@
       initializeif{\if@details}\@detailsfalse
I've inserted a begin-math/end-math symbol since I think
you left one out. Proceed, with fingers crossed.


! LaTeX Error: Missing \begin{document}.

See the LaTeX manual or LaTeX Companion for explanation.
Type  H <return>  for immediate help.
 ...                                              
                                                  
l.16 \@
       initializeif{\if@details}\@detailsfalse
You're in trouble here.  Try typing  <return>  to proceed.
If that doesn't work, type  X <return>  to quit.

LaTeX Font Info:    External font `cmex10' loaded for size
(Font)              <7> on input line 16.
LaTeX Font Info:    External font `cmex10' loaded for size
(Font)              <5> on input line 16.
)
! Incomplete \if; all text was ignored after line 16.
<inserted text> 
                \fi 
<*> moderncvheadi.sty
                     
The file ended while I was skipping conditional text.
This kind of error happens when you say `\if...' and forget
the matching `\fi'. I've inserted a `\fi'; this might work.

! Emergency stop.
<*> moderncvheadi.sty
                     
*** (job aborted, no legal \end found)

 
Here is how much of TeX's memory you used:
 9 strings out of 494553
 188 string characters out of 6174237
 52208 words of memory out of 5000000
 3778 multiletter control sequences out of 15000+600000
 3640 words of font info for 14 fonts, out of 8000000 for 9000
 14 hyphenation exceptions out of 8191
 19i,2n,12p,234b,54s stack positions out of 5000i,500n,10000p,200000b,80000s
!  ==> Fatal error occurred, no output PDF file produced!
